openjdk version "21.0.10" 2026-01-20
OpenJDK Runtime Environment (build 21.0.10+7-Ubuntu-124.04)
OpenJDK 64-Bit Server VM (build 21.0.10+7-Ubuntu-124.04, mixed mode, sharing)
To honour the JVM settings for this build a single-use Daemon process will be forked. For more on this, please refer to https://docs.gradle.org/8.8/userguide/gradle_daemon.html#sec:disabling_the_daemon in the Gradle documentation.
Daemon will be stopped at the end of the build 
> Task :clean
> Task :compileJava
> Task :processResources
> Task :classes
> Task :compileTestJava
> Task :processTestResources
> Task :testClasses
OpenJDK 64-Bit Server VM warning: Sharing is only supported for boot loader classes because bootstrap classpath has been appended
2026-03-23T16:48:37.703Z  INFO 53949 --- [account-service] [ionShutdownHook] j.LocalContainerEntityManagerFactoryBean : Closing JPA EntityManagerFactory for persistence unit 'default'
2026-03-23T16:48:37.705Z  INFO 53949 --- [account-service] [ionShutdownHook] com.zaxxer.hikari.HikariDataSource       : HikariPool-1 - Shutdown initiated...
2026-03-23T16:48:37.709Z  INFO 53949 --- [account-service] [ionShutdownHook] com.zaxxer.hikari.HikariDataSource       : HikariPool-1 - Shutdown completed.
2026-03-23T16:48:37.712Z  INFO 53949 --- [account-service] [ionShutdownHook] j.LocalContainerEntityManagerFactoryBean : Closing JPA EntityManagerFactory for persistence unit 'default'
2026-03-23T16:48:37.718Z  INFO 53949 --- [account-service] [ionShutdownHook] com.zaxxer.hikari.HikariDataSource       : HikariPool-2 - Shutdown initiated...
2026-03-23T16:48:37.721Z  INFO 53949 --- [account-service] [ionShutdownHook] com.zaxxer.hikari.HikariDataSource       : HikariPool-2 - Shutdown completed.
2026-03-23T16:48:37.726Z  INFO 53949 --- [account-service] [ionShutdownHook] j.LocalContainerEntityManagerFactoryBean : Closing JPA EntityManagerFactory for persistence unit 'default'
2026-03-23T16:48:37.726Z  INFO 53949 --- [account-service] [ionShutdownHook] com.zaxxer.hikari.HikariDataSource       : HikariPool-3 - Shutdown initiated...
2026-03-23T16:48:37.728Z  INFO 53949 --- [account-service] [ionShutdownHook] com.zaxxer.hikari.HikariDataSource       : HikariPool-3 - Shutdown completed.
2026-03-23T16:48:37.729Z  INFO 53949 --- [account-service] [ionShutdownHook] j.LocalContainerEntityManagerFactoryBean : Closing JPA EntityManagerFactory for persistence unit 'default'
> Task :test

Exception in thread "Thread-6" com.github.dockerjava.api.exception.InternalServerErrorException: Status 500: {"message":"cannot remove container \"309cee0ab5a1cac6baf0da894d8b5ac9119010dfffd6c77bbaf0aced49309582\": could not kill container: permission denied"}

	at org.testcontainers.shaded.com.github.dockerjava.core.DefaultInvocationBuilder.execute(DefaultInvocationBuilder.java:247)
	at org.testcontainers.shaded.com.github.dockerjava.core.DefaultInvocationBuilder.delete(DefaultInvocationBuilder.java:56)
	at org.testcontainers.shaded.com.github.dockerjava.core.exec.RemoveContainerCmdExec.execute(RemoveContainerCmdExec.java:28)
	at org.testcontainers.shaded.com.github.dockerjava.core.exec.RemoveContainerCmdExec.execute(RemoveContainerCmdExec.java:11)
	at org.testcontainers.shaded.com.github.dockerjava.core.exec.AbstrSyncDockerCmdExec.exec(AbstrSyncDockerCmdExec.java:21)
	at org.testcontainers.shaded.com.github.dockerjava.core.command.AbstrDockerCmd.exec(AbstrDockerCmd.java:33)
	at org.testcontainers.shaded.com.github.dockerjava.core.command.RemoveContainerCmdImpl.exec(RemoveContainerCmdImpl.java:66)
	at org.testcontainers.utility.JVMHookResourceReaper.lambda$prune$6(JVMHookResourceReaper.java:54)
	at java.base/java.util.stream.ForEachOps$ForEachOp$OfRef.accept(ForEachOps.java:184)
	at java.base/java.util.ArrayList$ArrayListSpliterator.forEachRemaining(ArrayList.java:1708)
	at java.base/java.util.stream.AbstractPipeline.copyInto(AbstractPipeline.java:509)
	at java.base/java.util.stream.ForEachOps$ForEachTask.compute(ForEachOps.java:291)
	at java.base/java.util.concurrent.CountedCompleter.exec(CountedCompleter.java:754)
	at java.base/java.util.concurrent.ForkJoinTask.doExec(ForkJoinTask.java:387)
	at java.base/java.util.concurrent.ForkJoinTask.invoke(ForkJoinTask.java:667)
	at java.base/java.util.stream.ForEachOps$ForEachOp.evaluateParallel(ForEachOps.java:160)
	at java.base/java.util.stream.ForEachOps$ForEachOp$OfRef.evaluateParallel(ForEachOps.java:174)
	at java.base/java.util.stream.AbstractPipeline.evaluate(AbstractPipeline.java:233)
	at java.base/java.util.stream.ReferencePipeline.forEach(ReferencePipeline.java:596)
	at java.base/java.util.stream.ReferencePipeline$Head.forEach(ReferencePipeline.java:765)
	at org.testcontainers.utility.JVMHookResourceReaper.prune(JVMHookResourceReaper.java:49)
	at org.testcontainers.utility.JVMHookResourceReaper.lambda$performCleanup$0(JVMHookResourceReaper.java:25)
	at java.base/java.util.ArrayList.forEach(ArrayList.java:1596)
	at org.testcontainers.utility.JVMHookResourceReaper.performCleanup(JVMHookResourceReaper.java:25)
	at java.base/java.lang.Thread.run(Thread.java:1583)

BUILD SUCCESSFUL in 44s
6 actionable tasks: 6 executed
